Arguments: 
  /Users/ivanovvaleriy/.nvm/versions/node/v16.15.0/bin/node /Users/ivanovvaleriy/.nvm/versions/node/v16.15.0/bin/yarn

PATH: 
  /Users/ivanovvaleriy/.nvm/versions/node/v16.15.0/bin:/usr/local/bin:/usr/bin:/bin:/usr/sbin:/sbin:/usr/local/share/dotnet:/opt/X11/bin:~/.dotnet/tools:/Library/Frameworks/Mono.framework/Versions/Current/Commands

Yarn version: 
  1.22.18

Node version: 
  16.15.0

Platform: 
  darwin x64

Trace: 
  Error: ENOENT: no such file or directory, copyfile '/Users/ivanovvaleriy/Library/Caches/Yarn/v6/npm-estraverse-4.3.0-398ad3f3c5a24948be7725e83d11a7de28cdbd1d-integrity/node_modules/estraverse/.jshintrc' -> '/Users/ivanovvaleriy/dev/page-transition-api/node_modules/@typescript-eslint/utils/node_modules/estraverse/.jshintrc'

npm manifest: 
  {
    "name": "page-transition-api",
    "version": "0.0.1",
    "scripts": {
      "dev": "svelte-kit dev",
      "build": "svelte-kit build",
      "package": "svelte-kit package",
      "preview": "svelte-kit preview",
      "prepare": "svelte-kit sync",
      "check": "svelte-check --tsconfig ./tsconfig.json",
      "check:watch": "svelte-check --tsconfig ./tsconfig.json --watch",
      "lint": "prettier --ignore-path .gitignore --check --plugin-search-dir=. . && eslint --ignore-path .gitignore .",
      "format": "prettier --ignore-path .gitignore --write --plugin-search-dir=. ."
    },
    "devDependencies": {
      "@sveltejs/adapter-auto": "next",
      "@sveltejs/kit": "next",
      "@typescript-eslint/eslint-plugin": "^5.10.1",
      "@typescript-eslint/parser": "^5.10.1",
      "eslint": "^8.12.0",
      "eslint-config-prettier": "^8.3.0",
      "eslint-plugin-svelte3": "^4.0.0",
      "prettier": "^2.5.1",
      "prettier-plugin-svelte": "^2.5.0",
      "svelte": "^3.44.0",
      "svelte-check": "^2.2.6",
      "svelte-preprocess": "^4.10.1",
      "tslib": "^2.3.1",
      "typescript": "~4.6.2"
    },
    "type": "module"
  }

yarn manifest: 
  No manifest

Lockfile: 
  No lockfile
